<?xml version="1.0" encoding="UTF-8"?>
<!-- Generated by org.testng.reporters.JUnitXMLReporter -->
<testsuite ignored="0" hostname="DESKTOP-6UKA0IR" failures="1" tests="2" name="Test" time="10.293" errors="0" timestamp="2024-01-09T21:52:09 AEDT">
  <testcase classname="com.mannautomation.test.HomePageClickOnItemWithMaxPrice" name="findItemWithMaxPrice" time="4.08"/>
  <testcase classname="com.mannautomation.test.LoginTest" name="loginWithEmailAndPassword" time="1.607">
    <failure type="java.lang.AssertionError" message="expected [true] but found [false]">
      <![CDATA[java.lang.AssertionError: expected [true] but found [false]
at com.mannautomation.test.LoginTest.loginWithEmailAndPassword(LoginTest.java:24)
at java.base/java.util.ArrayList.forEach(ArrayList.java:1511)
... Removed 33 stack frames]]>
    </failure>
  </testcase> <!-- loginWithEmailAndPassword -->
</testsuite> <!-- Test -->
