<?xml version="1.0" encoding="UTF-8"?>
<!-- Generated by org.testng.reporters.JUnitXMLReporter -->
<testsuite ignored="0" hostname="DESKTOP-6UKA0IR" failures="0" tests="7" name="Test" time="28.725" errors="0" timestamp="2024-01-31T13:32:31 IST">
  <testcase classname="com.mannautomation.test.HomePageClickOnItemWithMaxPrice" name="findItemWithMinAndMaxPrice" time="1.5"/>
  <testcase classname="com.mannautomation.test.LoginTest" name="loginWithEmailAndPassword" time="0.944"/>
  <testcase classname="com.mannautomation.test.LoginTest" name="loginWithEmailAndPassword" time="1.166"/>
  <testcase classname="com.mannautomation.test.LoginTest" name="loginWithEmailAndPassword" time="1.21"/>
  <testcase classname="com.mannautomation.test.LoginTest" name="loginWithEmailAndPassword" time="6.637"/>
  <testcase classname="com.mannautomation.test.LoginTest" name="loginWithEmailAndPassword" time="1.92"/>
  <testcase classname="com.mannautomation.test.LoginTest" name="loginWithEmailAndPassword" time="6.635"/>
</testsuite> <!-- Test -->
