<?xml version="1.0" encoding="UTF-8"?>
<testng-results ignored="0" total="1" passed="1" failed="0" skipped="0">
  <reporter-output>
  </reporter-output>
  <suite started-at="2024-01-31T09:10:47 IST" name="Default suite" finished-at="2024-01-31T09:10:52 IST" duration-ms="4176">
    <groups>
    </groups>
    <test started-at="2024-01-31T09:10:47 IST" name="Default test" finished-at="2024-01-31T09:10:52 IST" duration-ms="4176">
      <class name="com.mannautomation.test.HomePageClickOnItemWithMaxPrice">
        <test-method is-config="true" signature="setUPReference()[pri:0, instance:com.mannautomation.test.HomePageClickOnItemWithMaxPrice@14dd9eb7]" started-at="2024-01-31T09:10:47 IST" name="setUPReference" finished-at="2024-01-31T09:10:48 IST" duration-ms="8" status="PASS">
          <reporter-output>
          </reporter-output>
        </test-method> <!-- setUPReference -->
        <test-method is-config="true" signature="setUp()[pri:0, instance:com.mannautomation.test.HomePageClickOnItemWithMaxPrice@14dd9eb7]" started-at="2024-01-31T09:10:48 IST" name="setUp" finished-at="2024-01-31T09:10:49 IST" duration-ms="1939" status="PASS">
          <reporter-output>
          </reporter-output>
        </test-method> <!-- setUp -->
        <test-method signature="findItemWithMaxPrice()[pri:0, instance:com.mannautomation.test.HomePageClickOnItemWithMaxPrice@14dd9eb7]" started-at="2024-01-31T09:10:49 IST" name="findItemWithMaxPrice" finished-at="2024-01-31T09:10:52 IST" duration-ms="2197" status="PASS">
          <reporter-output>
          </reporter-output>
        </test-method> <!-- findItemWithMaxPrice -->
      </class> <!-- com.mannautomation.test.HomePageClickOnItemWithMaxPrice -->
    </test> <!-- Default test -->
  </suite> <!-- Default suite -->
</testng-results>
