<?xml version="1.0" encoding="UTF-8"?>
<testng-results ignored="0" total="7" passed="7" failed="0" skipped="0">
  <reporter-output>
  </reporter-output>
  <suite started-at="2024-01-31T13:32:02 IST" name="Suite" finished-at="2024-01-31T13:32:31 IST" duration-ms="28725">
    <groups>
    </groups>
    <test started-at="2024-01-31T13:32:02 IST" name="Test" finished-at="2024-01-31T13:32:31 IST" duration-ms="28725">
      <class name="com.mannautomation.test.HomePageClickOnItemWithMaxPrice">
        <test-method is-config="true" signature="setUp()[pri:0, instance:com.mannautomation.test.HomePageClickOnItemWithMaxPrice@188715b5]" started-at="2024-01-31T13:32:02 IST" name="setUp" finished-at="2024-01-31T13:32:04 IST" duration-ms="1954" status="PASS">
          <reporter-output>
          </reporter-output>
        </test-method> <!-- setUp -->
        <test-method is-config="true" signature="setUPReference()[pri:0, instance:com.mannautomation.test.HomePageClickOnItemWithMaxPrice@188715b5]" started-at="2024-01-31T13:32:04 IST" name="setUPReference" finished-at="2024-01-31T13:32:04 IST" duration-ms="2" status="PASS">
          <reporter-output>
          </reporter-output>
        </test-method> <!-- setUPReference -->
        <test-method signature="findItemWithMinAndMaxPrice()[pri:0, instance:com.mannautomation.test.HomePageClickOnItemWithMaxPrice@188715b5]" started-at="2024-01-31T13:32:04 IST" name="findItemWithMinAndMaxPrice" finished-at="2024-01-31T13:32:05 IST" duration-ms="1500" status="PASS">
          <reporter-output>
          </reporter-output>
        </test-method> <!-- findItemWithMinAndMaxPrice -->
      </class> <!-- com.mannautomation.test.HomePageClickOnItemWithMaxPrice -->
      <class name="com.mannautomation.test.LoginTest">
        <test-method is-config="true" signature="setUp()[pri:0, instance:com.mannautomation.test.LoginTest@5876a9af]" started-at="2024-01-31T13:32:06 IST" name="setUp" finished-at="2024-01-31T13:32:07 IST" duration-ms="783" status="PASS">
          <reporter-output>
          </reporter-output>
        </test-method> <!-- setUp -->
        <test-method signature="loginWithEmailAndPassword(java.lang.String,java.lang.String,java.lang.String)[pri:0, instance:com.mannautomation.test.LoginTest@5876a9af]" started-at="2024-01-31T13:32:07 IST" name="loginWithEmailAndPassword" data-provider="getCredentialsFromExcelFile" finished-at="2024-01-31T13:32:08 IST" duration-ms="944" status="PASS">
          <params>
            <param index="0">
              <value>
                <![CDATA[standard_user]]>
              </value>
            </param>
            <param index="1">
              <value>
                <![CDATA[secret_sauce]]>
              </value>
            </param>
            <param index="2">
              <value>
                <![CDATA[https://www.saucedemo.com/inventory.html]]>
              </value>
            </param>
          </params>
          <reporter-output>
          </reporter-output>
        </test-method> <!-- loginWithEmailAndPassword -->
        <test-method is-config="true" signature="setUpReferences()[pri:0, instance:com.mannautomation.test.LoginTest@5876a9af]" started-at="2024-01-31T13:32:07 IST" name="setUpReferences" finished-at="2024-01-31T13:32:07 IST" duration-ms="0" status="PASS">
          <reporter-output>
          </reporter-output>
        </test-method> <!-- setUpReferences -->
        <test-method is-config="true" signature="setUp()[pri:0, instance:com.mannautomation.test.LoginTest@5876a9af]" started-at="2024-01-31T13:32:08 IST" name="setUp" finished-at="2024-01-31T13:32:08 IST" duration-ms="747" status="PASS">
          <reporter-output>
          </reporter-output>
        </test-method> <!-- setUp -->
        <test-method is-config="true" signature="setUpReferences()[pri:0, instance:com.mannautomation.test.LoginTest@5876a9af]" started-at="2024-01-31T13:32:08 IST" name="setUpReferences" finished-at="2024-01-31T13:32:08 IST" duration-ms="0" status="PASS">
          <reporter-output>
          </reporter-output>
        </test-method> <!-- setUpReferences -->
        <test-method signature="loginWithEmailAndPassword(java.lang.String,java.lang.String,java.lang.String)[pri:0, instance:com.mannautomation.test.LoginTest@5876a9af]" started-at="2024-01-31T13:32:08 IST" name="loginWithEmailAndPassword" data-provider="getCredentialsFromExcelFile" finished-at="2024-01-31T13:32:10 IST" duration-ms="1166" status="PASS">
          <params>
            <param index="0">
              <value>
                <![CDATA[locked_out_user]]>
              </value>
            </param>
            <param index="1">
              <value>
                <![CDATA[secret_sauce]]>
              </value>
            </param>
            <param index="2">
              <value>
                <![CDATA[https://www.saucedemo.com/]]>
              </value>
            </param>
          </params>
          <reporter-output>
          </reporter-output>
        </test-method> <!-- loginWithEmailAndPassword -->
        <test-method is-config="true" signature="setUp()[pri:0, instance:com.mannautomation.test.LoginTest@5876a9af]" started-at="2024-01-31T13:32:10 IST" name="setUp" finished-at="2024-01-31T13:32:10 IST" duration-ms="830" status="PASS">
          <reporter-output>
          </reporter-output>
        </test-method> <!-- setUp -->
        <test-method is-config="true" signature="setUpReferences()[pri:0, instance:com.mannautomation.test.LoginTest@5876a9af]" started-at="2024-01-31T13:32:10 IST" name="setUpReferences" finished-at="2024-01-31T13:32:10 IST" duration-ms="0" status="PASS">
          <reporter-output>
          </reporter-output>
        </test-method> <!-- setUpReferences -->
        <test-method signature="loginWithEmailAndPassword(java.lang.String,java.lang.String,java.lang.String)[pri:0, instance:com.mannautomation.test.LoginTest@5876a9af]" started-at="2024-01-31T13:32:10 IST" name="loginWithEmailAndPassword" data-provider="getCredentialsFromExcelFile" finished-at="2024-01-31T13:32:12 IST" duration-ms="1210" status="PASS">
          <params>
            <param index="0">
              <value>
                <![CDATA[problem_user]]>
              </value>
            </param>
            <param index="1">
              <value>
                <![CDATA[secret_sauce]]>
              </value>
            </param>
            <param index="2">
              <value>
                <![CDATA[https://www.saucedemo.com/inventory.html]]>
              </value>
            </param>
          </params>
          <reporter-output>
          </reporter-output>
        </test-method> <!-- loginWithEmailAndPassword -->
        <test-method is-config="true" signature="setUp()[pri:0, instance:com.mannautomation.test.LoginTest@5876a9af]" started-at="2024-01-31T13:32:12 IST" name="setUp" finished-at="2024-01-31T13:32:13 IST" duration-ms="908" status="PASS">
          <reporter-output>
          </reporter-output>
        </test-method> <!-- setUp -->
        <test-method is-config="true" signature="setUpReferences()[pri:0, instance:com.mannautomation.test.LoginTest@5876a9af]" started-at="2024-01-31T13:32:13 IST" name="setUpReferences" finished-at="2024-01-31T13:32:13 IST" duration-ms="0" status="PASS">
          <reporter-output>
          </reporter-output>
        </test-method> <!-- setUpReferences -->
        <test-method signature="loginWithEmailAndPassword(java.lang.String,java.lang.String,java.lang.String)[pri:0, instance:com.mannautomation.test.LoginTest@5876a9af]" started-at="2024-01-31T13:32:13 IST" name="loginWithEmailAndPassword" data-provider="getCredentialsFromExcelFile" finished-at="2024-01-31T13:32:19 IST" duration-ms="6637" status="PASS">
          <params>
            <param index="0">
              <value>
                <![CDATA[performance_glitch_user]]>
              </value>
            </param>
            <param index="1">
              <value>
                <![CDATA[secret_sauce]]>
              </value>
            </param>
            <param index="2">
              <value>
                <![CDATA[https://www.saucedemo.com/inventory.html]]>
              </value>
            </param>
          </params>
          <reporter-output>
          </reporter-output>
        </test-method> <!-- loginWithEmailAndPassword -->
        <test-method is-config="true" signature="setUp()[pri:0, instance:com.mannautomation.test.LoginTest@5876a9af]" started-at="2024-01-31T13:32:19 IST" name="setUp" finished-at="2024-01-31T13:32:20 IST" duration-ms="1165" status="PASS">
          <reporter-output>
          </reporter-output>
        </test-method> <!-- setUp -->
        <test-method is-config="true" signature="setUpReferences()[pri:0, instance:com.mannautomation.test.LoginTest@5876a9af]" started-at="2024-01-31T13:32:20 IST" name="setUpReferences" finished-at="2024-01-31T13:32:20 IST" duration-ms="0" status="PASS">
          <reporter-output>
          </reporter-output>
        </test-method> <!-- setUpReferences -->
        <test-method signature="loginWithEmailAndPassword(java.lang.String,java.lang.String,java.lang.String)[pri:0, instance:com.mannautomation.test.LoginTest@5876a9af]" started-at="2024-01-31T13:32:20 IST" name="loginWithEmailAndPassword" data-provider="getCredentialsFromExcelFile" finished-at="2024-01-31T13:32:22 IST" duration-ms="1920" status="PASS">
          <params>
            <param index="0">
              <value>
                <![CDATA[error_user]]>
              </value>
            </param>
            <param index="1">
              <value>
                <![CDATA[secret_sauce]]>
              </value>
            </param>
            <param index="2">
              <value>
                <![CDATA[https://www.saucedemo.com/inventory.html]]>
              </value>
            </param>
          </params>
          <reporter-output>
          </reporter-output>
        </test-method> <!-- loginWithEmailAndPassword -->
        <test-method is-config="true" signature="setUp()[pri:0, instance:com.mannautomation.test.LoginTest@5876a9af]" started-at="2024-01-31T13:32:22 IST" name="setUp" finished-at="2024-01-31T13:32:24 IST" duration-ms="1648" status="PASS">
          <reporter-output>
          </reporter-output>
        </test-method> <!-- setUp -->
        <test-method is-config="true" signature="setUpReferences()[pri:0, instance:com.mannautomation.test.LoginTest@5876a9af]" started-at="2024-01-31T13:32:24 IST" name="setUpReferences" finished-at="2024-01-31T13:32:24 IST" duration-ms="1" status="PASS">
          <reporter-output>
          </reporter-output>
        </test-method> <!-- setUpReferences -->
        <test-method signature="loginWithEmailAndPassword(java.lang.String,java.lang.String,java.lang.String)[pri:0, instance:com.mannautomation.test.LoginTest@5876a9af]" started-at="2024-01-31T13:32:24 IST" name="loginWithEmailAndPassword" data-provider="getCredentialsFromExcelFile" finished-at="2024-01-31T13:32:31 IST" duration-ms="6635" status="PASS">
          <params>
            <param index="0">
              <value>
                <![CDATA[visual_user]]>
              </value>
            </param>
            <param index="1">
              <value>
                <![CDATA[secret_sauce]]>
              </value>
            </param>
            <param index="2">
              <value>
                <![CDATA[https://www.saucedemo.com/inventory.html]]>
              </value>
            </param>
          </params>
          <reporter-output>
          </reporter-output>
        </test-method> <!-- loginWithEmailAndPassword -->
      </class> <!-- com.mannautomation.test.LoginTest -->
    </test> <!-- Test -->
  </suite> <!-- Suite -->
</testng-results>
